<?xml version="1.0" encoding="UTF-8"?>
<!-- Generated by org.testng.reporters.JUnitReportReporter -->
<testsuite skipped="0" hostname="DESKTOP-U1RT56I" name="testingFiles.Annotations2" tests="3" failures="0" timestamp="2020-06-28T10:57:54 PKT" time="0.005" errors="0">
  <testcase name="CloseBrowser" time="0.001" classname="testingFiles.Annotations2"/>
  <testcase name="OPenBrowser" time="0.002" classname="testingFiles.Annotations2"/>
  <testcase name="FillForm" time="0.002" classname="testingFiles.Annotations2"/>
</testsuite> <!-- testingFiles.Annotations2 -->
