<?xml version="1.0" encoding="UTF-8"?>
<!-- Generated by org.testng.reporters.JUnitReportReporter -->
<testsuite skipped="0" hostname="DESKTOP-U1RT56I" name="testingFiles.Annotations" tests="2" failures="0" timestamp="2020-06-28T10:57:54 PKT" time="0.007" errors="0">
  <testcase name="OpenBrowser" time="0.004" classname="testingFiles.Annotations"/>
  <testcase name="FlighBooking" time="0.003" classname="testingFiles.Annotations"/>
</testsuite> <!-- testingFiles.Annotations -->
