<?xml version="1.0" encoding="UTF-8"?>
<!-- Generated by org.testng.reporters.JUnitReportReporter -->
<testsuite skipped="0" hostname="DESKTOP-U1RT56I" name="testingFiles2.Annotations" tests="2" failures="0" timestamp="2020-06-28T10:57:54 PKT" time="0.013" errors="0">
  <testcase name="FlighBooking" time="0.010" classname="testingFiles2.Annotations"/>
  <testcase name="OpenBrowser" time="0.003" classname="testingFiles2.Annotations"/>
</testsuite> <!-- testingFiles2.Annotations -->
